{
  "RSpec": {
    "coverage": {
      "/Users/derrickcarr/Desktop/dbc-onsite/safewalk/app/helpers/application_helper.rb": [
        1,
        null
      ],
      "/Users/derrickcarr/Desktop/dbc-onsite/safewalk/app/helpers/groups_helper.rb": [
        1,
        null
      ],
      "/Users/derrickcarr/Desktop/dbc-onsite/safewalk/app/helpers/rooms_helper.rb": [
        1,
        null
      ],
      "/Users/derrickcarr/Desktop/dbc-onsite/safewalk/app/helpers/sessions_helper.rb": [
        1,
        null
      ],
      "/Users/derrickcarr/Desktop/dbc-onsite/safewalk/app/helpers/users_helper.rb": [
        1,
        null
      ],
      "/Users/derrickcarr/Desktop/dbc-onsite/safewalk/app/helpers/walks_helper.rb": [
        1,
        null
      ],
      "/Users/derrickcarr/Desktop/dbc-onsite/safewalk/app/helpers/welcome_helper.rb": [
        1,
        null
      ],
      "/Users/derrickcarr/Desktop/dbc-onsite/safewalk/app/controllers/groups_controller.rb": [
        1,
        null,
        1,
        0,
        0,
        0,
        0,
        null,
        null,
        0,
        null,
        null,
        null,
        1,
        0,
        null,
        null,
        1,
        0,
        null,
        0,
        0,
        null,
        0,
        0,
        null,
        null,
        null,
        1,
        0,
        0,
        null,
        null,
        1,
        null,
        null,
        1,
        null,
        null,
        1,
        null,
        null,
        1,
        null,
        1,
        0,
        null,
        null,
        null
      ],
      "/Users/derrickcarr/Desktop/dbc-onsite/safewalk/app/controllers/application_controller.rb": [
        1,
        1,
        null,
        1,
        null,
        1,
        0,
        null,
        null,
        null,
        1,
        0,
        null,
        null,
        1,
        0,
        0,
        0,
        null,
        null,
        null,
        null
      ],
      "/Users/derrickcarr/Desktop/dbc-onsite/safewalk/app/controllers/rooms_controller.rb": [
        1,
        1,
        0,
        null,
        null
      ],
      "/Users/derrickcarr/Desktop/dbc-onsite/safewalk/app/controllers/sessions_controller.rb": [
        1,
        1,
        null,
        null,
        1,
        0,
        null,
        0,
        0,
        0,
        null,
        0,
        0,
        null,
        null,
        null,
        1,
        0,
        0,
        null,
        null
      ],
      "/Users/derrickcarr/Desktop/dbc-onsite/safewalk/app/controllers/users_controller.rb": [
        1,
        1,
        null,
        null,
        1,
        0,
        null,
        null,
        1,
        0,
        0,
        0,
        0,
        0,
        null,
        0,
        0,
        null,
        null,
        null,
        1,
        null,
        null,
        1,
        null,
        null,
        1,
        null,
        null,
        1,
        null,
        null,
        null,
        1,
        null,
        1,
        0,
        null,
        null,
        null
      ],
      "/Users/derrickcarr/Desktop/dbc-onsite/safewalk/app/controllers/walks_controller.rb": [
        1,
        null,
        1,
        0,
        null,
        null,
        1,
        0,
        0,
        null,
        null,
        1,
        0,
        0,
        null,
        0,
        0,
        null,
        0,
        null,
        null,
        null,
        null,
        1,
        null,
        null,
        1,
        null,
        null,
        1,
        0,
        0,
        null,
        0,
        0,
        null,
        0,
        null,
        null,
        null,
        1,
        null,
        null,
        1,
        null,
        1,
        0,
        null,
        null,
        null
      ],
      "/Users/derrickcarr/Desktop/dbc-onsite/safewalk/app/controllers/welcome_controller.rb": [
        1,
        null,
        1,
        null,
        null,
        null
      ],
      "/Users/derrickcarr/Desktop/dbc-onsite/safewalk/app/jobs/message_broadcast_job.rb": [
        1,
        1,
        null,
        1,
        0,
        null,
        null,
        1,
        1,
        0,
        null,
        null
      ],
      "/Users/derrickcarr/Desktop/dbc-onsite/safewalk/app/jobs/application_job.rb": [
        1,
        null
      ],
      "/Users/derrickcarr/Desktop/dbc-onsite/safewalk/app/models/conversation.rb": [
        1,
        1,
        null,
        1,
        null
      ],
      "/Users/derrickcarr/Desktop/dbc-onsite/safewalk/app/models/application_record.rb": [
        1,
        1,
        null
      ],
      "/Users/derrickcarr/Desktop/dbc-onsite/safewalk/app/models/group.rb": [
        1,
        1,
        1,
        1,
        null,
        1,
        0,
        null,
        null,
        1,
        0,
        0,
        0,
        null,
        0,
        null,
        null
      ],
      "/Users/derrickcarr/Desktop/dbc-onsite/safewalk/app/models/membership.rb": [
        1,
        1,
        1,
        null,
        null
      ],
      "/Users/derrickcarr/Desktop/dbc-onsite/safewalk/app/models/message.rb": [
        1,
        null,
        1,
        1,
        null
      ],
      "/Users/derrickcarr/Desktop/dbc-onsite/safewalk/app/models/photo.rb": [
        1,
        1,
        null
      ],
      "/Users/derrickcarr/Desktop/dbc-onsite/safewalk/app/models/report.rb": [
        1,
        1,
        null
      ],
      "/Users/derrickcarr/Desktop/dbc-onsite/safewalk/app/models/user.rb": [
        1,
        1,
        null,
        1,
        1,
        null,
        1,
        1,
        1,
        1,
        1,
        1,
        null,
        1,
        null,
        null,
        null,
        0,
        null,
        null,
        1,
        0,
        null,
        0,
        null,
        0,
        null,
        null,
        0,
        null,
        null,
        null,
        1,
        0,
        null,
        0,
        0,
        null,
        0,
        null,
        null,
        1,
        1,
        0,
        null,
        null,
        null
      ],
      "/Users/derrickcarr/Desktop/dbc-onsite/safewalk/app/models/walk.rb": [
        1,
        1,
        1,
        1,
        1,
        null,
        null,
        null
      ],
      "/Users/derrickcarr/Desktop/dbc-onsite/safewalk/app/channels/application_cable/channel.rb": [
        0,
        0,
        0,
        0
      ],
      "/Users/derrickcarr/Desktop/dbc-onsite/safewalk/app/channels/application_cable/connection.rb": [
        0,
        0,
        0,
        0
      ],
      "/Users/derrickcarr/Desktop/dbc-onsite/safewalk/app/channels/messages_channel.rb": [
        0,
        0,
        0,
        0,
        0
      ],
      "/Users/derrickcarr/Desktop/dbc-onsite/safewalk/app/controllers/api/application_controller.rb": [
        0,
        0,
        0,
        0,
        0,
        0,
        0,
        0,
        0,
        0,
        0,
        0,
        0,
        0,
        0,
        0,
        0,
        0,
        0,
        0,
        0,
        0
      ],
      "/Users/derrickcarr/Desktop/dbc-onsite/safewalk/app/controllers/api/users_controller.rb": [
        0,
        0,
        0,
        0,
        0,
        0,
        0,
        0,
        0,
        0,
        0,
        0,
        0,
        0,
        0,
        0,
        0,
        0,
        0,
        0,
        0,
        0,
        0,
        0,
        0,
        0,
        0,
        0,
        0,
        0,
        0,
        0,
        0,
        0,
        0
      ],
      "/Users/derrickcarr/Desktop/dbc-onsite/safewalk/app/controllers/api/walks_controller.rb": [
        0,
        0,
        0,
        0,
        0,
        0,
        0,
        0,
        0,
        0,
        0,
        0,
        0,
        0,
        0,
        0,
        0,
        0,
        0,
        0,
        0,
        0,
        0,
        0,
        0,
        0,
        0,
        0,
        0,
        0,
        0,
        0,
        0,
        0,
        0,
        0,
        0,
        0,
        0
      ],
      "/Users/derrickcarr/Desktop/dbc-onsite/safewalk/app/controllers/chatrooms_controller.rb": [
        0,
        0,
        0,
        0,
        0,
        0,
        0,
        0,
        0,
        0,
        0,
        0,
        0,
        0,
        0,
        0,
        0,
        0,
        0,
        0,
        0,
        0,
        0,
        0,
        0,
        0,
        0,
        0,
        0,
        0,
        0,
        0,
        0,
        0,
        0,
        0,
        0,
        0,
        0,
        0,
        0,
        0,
        0,
        0,
        0,
        0,
        0,
        0,
        0,
        0,
        0
      ],
      "/Users/derrickcarr/Desktop/dbc-onsite/safewalk/app/controllers/messages_controller.rb": [
        0,
        0,
        0,
        0,
        0,
        0,
        0,
        0,
        0,
        0,
        0,
        0,
        0,
        0,
        0,
        0,
        0,
        0,
        0
      ],
      "/Users/derrickcarr/Desktop/dbc-onsite/safewalk/app/mailers/application_mailer.rb": [
        0,
        0,
        0,
        0
      ],
      "/Users/derrickcarr/Desktop/dbc-onsite/safewalk/app/models/chatroom.rb": [
        0,
        0,
        0,
        0,
        0,
        0,
        0,
        0,
        0,
        0,
        0,
        0,
        0,
        0,
        0,
        0,
        0,
        0,
        0
      ]
    },
    "timestamp": 1480356420
  }
}
